make all --print-data-base --no-builtin-variables --no-builtin-rules --question
# GNU Make 4.2.1
# Built for x86_64-pc-linux-gnu
# Copyright (C) 1988-2016 Free Software Foundation, Inc.
# License GPLv3+: GNU GPL version 3 or later <http://gnu.org/licenses/gpl.html>
# This is free software: you are free to change and redistribute it.
# There is NO WARRANTY, to the extent permitted by law.

# Make data base, printed on Fri Aug 19 16:00:27 2022

# Variables

# 'override' directive
GNUMAKEFLAGS := 
# automatic
<D = $(patsubst %/,%,$(dir $<))
# automatic
?F = $(notdir $?)
# environment
DESKTOP_SESSION = ubuntu
# default
.SHELLFLAGS := -c
# environment
XDG_SESSION_CLASS = user
# environment
XDG_SESSION_TYPE = x11
# automatic
?D = $(patsubst %/,%,$(dir $?))
# environment
IM_CONFIG_PHASE = 1
# automatic
@D = $(patsubst %/,%,$(dir $@))
# environment
XAUTHORITY = /run/user/1000/gdm/Xauthority
# environment
GDMSESSION = ubuntu
# environment
XMODIFIERS = @im=ibus
# makefile
CURDIR := /home/alfred/Projects/Vitis/ML-Powelec
# makefile
SHELL = /bin/sh
# environment
VSCODE_NLS_CONFIG = {"locale":"en-us","availableLanguages":{},"_languagePackSupport":true}
# environment
_ = /usr/share/code/code
# environment
JOURNAL_STREAM = 8:41758
# environment
XDG_CONFIG_DIRS = /etc/xdg/xdg-ubuntu:/etc/xdg
# makefile
MAKEFILE_LIST := 
# automatic
@F = $(notdir $@)
# environment
GIO_LAUNCHED_DESKTOP_FILE = /usr/share/applications/code.desktop
# environment
USERNAME = alfred
# environment
XDG_DATA_DIRS = /usr/share/ubuntu:/usr/local/share/:/usr/share/:/var/lib/snapd/desktop
# environment
AUTOJUMP_SOURCED = 1
# environment
DBUS_SESSION_BUS_ADDRESS = unix:path=/run/user/1000/bus
# environment
MANAGERPID = 1628
# environment
P9K_SSH = 0
# environment
VSCODE_CWD = /home/alfred
# environment
XILINX_VITIS = /tools/Xilinx/Vitis/2021.2
# default
MAKE_HOST := x86_64-pc-linux-gnu
# environment
PATH = /tools/miniconda3/bin:/tools/miniconda3/condabin:/home/alfred/.autojump/bin:/tools/Xilinx/Vitis_HLS/2021.2/bin:/tools/Xilinx/Model_Composer/2021.2/bin:/tools/Xilinx/Vitis/2021.2/bin:/tools/Xilinx/Vitis/2021.2/gnu/microblaze/lin/bin:/tools/Xilinx/Vitis/2021.2/gnu/arm/lin/bin:/tools/Xilinx/Vitis/2021.2/gnu/microblaze/linux_toolchain/lin64_le/bin:/tools/Xilinx/Vitis/2021.2/gnu/aarch32/lin/gcc-arm-linux-gnueabi/bin:/tools/Xilinx/Vitis/2021.2/gnu/aarch32/lin/gcc-arm-none-eabi/bin:/tools/Xilinx/Vitis/2021.2/gnu/aarch64/lin/aarch64-linux/bin:/tools/Xilinx/Vitis/2021.2/gnu/aarch64/lin/aarch64-none/bin:/tools/Xilinx/Vitis/2021.2/gnu/armr5/lin/gcc-arm-none-eabi/bin:/tools/Xilinx/Vitis/2021.2/tps/lnx64/cmake-3.3.2/bin:/tools/Xilinx/Vitis/2021.2/aietools/bin:/tools/Xilinx/Vivado/2021.2/bin:/tools/Xilinx/DocNav:/usr/local/sbin:/usr/local/bin:/usr/sbin:/usr/bin:/sbin:/bin:/usr/games:/usr/local/games:/snap/bin
# environment
XILINX_VIVADO = /tools/Xilinx/Vivado/2021.2
# environment
GPG_AGENT_INFO = /run/user/1000/gnupg/S.gpg-agent:0:1
# environment
LSCOLORS = Gxfxcxdxbxegedabagacad
# environment
SESSION_MANAGER = local/alfred-rog:@/tmp/.ICE-unix/1838,unix/alfred-rog:/tmp/.ICE-unix/1838
# environment
XDG_RUNTIME_DIR = /run/user/1000
# environment
CONDA_PREFIX = /tools/miniconda3
# environment
XDG_MENU_PREFIX = gnome-
# environment
ELECTRON_RUN_AS_NODE = 1
# environment
INVOCATION_ID = 4f8b03eacbba489489fa9b0ec53cc765
# default
.FEATURES := target-specific order-only second-expansion else-if shortest-stem undefine oneshell archives jobserver output-sync check-symlink load
# environment
LS_COLORS = 
# environment
XDG_SESSION_DESKTOP = ubuntu
# environment
SSH_AUTH_SOCK = /run/user/1000/keyring/ssh
# environment
GIO_LAUNCHED_DESKTOP_FILE_PID = 3680
# automatic
%F = $(notdir $%)
# environment
DISPLAY = :1
# environment
CONDA_EXE = /tools/miniconda3/bin/conda
# environment
PWD = /home/alfred/Projects/Vitis/ML-Powelec
# default
.LOADED := 
# environment
SSH_AGENT_PID = 1803
# environment
ORIGINAL_XDG_CURRENT_DESKTOP = ubuntu:GNOME
# environment
GTK_MODULES = gail:atk-bridge
# environment
VSCODE_AMD_ENTRYPOINT = vs/workbench/api/node/extensionHostProcess
# environment
HOME = /home/alfred
# environment
VSCODE_CODE_CACHE_PATH = /home/alfred/.config/Code/CachedData/e4503b30fc78200f846c62cf8091b76ff5547662
# environment
LOGNAME = alfred
# environment
APPLICATION_INSIGHTS_NO_DIAGNOSTIC_CHANNEL = true
# environment
CONDA_PROMPT_MODIFIER = (base) 
# environment
ZSH = /home/alfred/.oh-my-zsh
# environment
VSCODE_HANDLES_UNCAUGHT_ERRORS = true
# environment
GNOME_DESKTOP_SESSION_ID = this-is-deprecated
# automatic
^D = $(patsubst %/,%,$(dir $^))
# environment
MAKELEVEL := 0
# environment
CONDA_DEFAULT_ENV = base
# default
MAKE = $(MAKE_COMMAND)
# default
MAKECMDGOALS := all
# environment
QT_IM_MODULE = ibus
# environment
SHLVL = 0
# environment
GNOME_SHELL_SESSION_MODE = ubuntu
# default
MAKE_VERSION := 4.2.1
# environment
USER = alfred
# makefile
.DEFAULT_GOAL := 
# environment
XDG_CURRENT_DESKTOP = Unity
# environment
LESS = -R
# automatic
%D = $(patsubst %/,%,$(dir $%))
# environment
CONDA_SHLVL = 1
# default
MAKE_COMMAND := make
# environment
OLDPWD = /home/alfred
# default
.VARIABLES := 
# automatic
*F = $(notdir $*)
# environment
VSCODE_IPC_HOOK = /run/user/1000/vscode-759a2671-1.70.2-main.sock
# makefile
MAKEFLAGS = pqrR
# environment
MFLAGS = -pqrR
# automatic
*D = $(patsubst %/,%,$(dir $*))
# automatic
+D = $(patsubst %/,%,$(dir $+))
# environment
GDK_BACKEND = x11
# automatic
+F = $(notdir $+)
# environment
QT_ACCESSIBILITY = 1
# default
MAKEFILES := 
# automatic
<F = $(notdir $<)
# environment
PAGER = less
# environment
LC_ALL = C
# environment
CONDA_PYTHON_EXE = /tools/miniconda3/bin/python
# environment
GJS_DEBUG_TOPICS = JS ERROR;JS LOG
# automatic
^F = $(notdir $^)
# default
SUFFIXES := 
# environment
_CE_M = 
# environment
CHROME_DESKTOP = code-url-handler.desktop
# environment
WINDOWPATH = 2
# environment
XILINX_HLS = /tools/Xilinx/Vitis_HLS/2021.2
# default
.INCLUDE_DIRS = /usr/include /usr/local/include /usr/include
# environment
GJS_DEBUG_OUTPUT = stderr
# default
.RECIPEPREFIX := 
# environment
AUTOJUMP_ERROR_PATH = /home/alfred/.local/share/autojump/errors.log
# environment
LANG = C
# environment
VSCODE_PID = 3680
# environment
_CE_CONDA = 
# variable set hash-table stats:
# Load=109/1024=11%, Rehash=0, Collisions=13/131=10%

# Pattern-specific Variable Values

# No pattern-specific variable values.

# Directories

# . (device 66306, inode 111812416): 9 files, no impossibilities.

# 9 files, no impossibilities in 1 directories.

# Implicit Rules

# No implicit rules.

# Files

# Not a target:
all:
#  Command line target.
#  Implicit rule search has been done.
#  File does not exist.
#  File has not been updated.

# Not a target:
Makefile:
#  Implicit rule search has been done.
#  File does not exist.
#  File has been updated.
#  Failed to be updated.

# Not a target:
makefile:
#  Implicit rule search has been done.
#  File does not exist.
#  File has been updated.
#  Failed to be updated.

# Not a target:
.DEFAULT:
#  Implicit rule search has not been done.
#  Modification time never checked.
#  File has not been updated.

# Not a target:
GNUmakefile:
#  Implicit rule search has been done.
#  File does not exist.
#  File has been updated.
#  Failed to be updated.

# files hash-table stats:
# Load=6/1024=1%, Rehash=0, Collisions=0/15=0%
# VPATH Search Paths
 
make: *** No rule to make target 'all'.  Stop.


# No 'vpath' search paths.

# No general ('VPATH' variable) search path.

# strcache buffers: 1 (0) / strings = 17 / storage = 155 B / avg = 9 B
# current buf: size = 8162 B / used = 155 B / count = 17 / avg = 9 B

# strcache performance: lookups = 20 / hit rate = 15%
# hash-table stats:
# Load=17/8192=0%, Rehash=0, Collisions=1/20=5%
# Finished Make data base on Fri Aug 19 16:00:27 2022

 
